2023-04-01 23:37:22,236 INFO org.springframework.boot.StartupInfoLogger [main] Starting PfeApplication using Java 1.8.0_191 on ASP-5QCNZH3 with PID 11784 (D:\cigma\JAVA\JAVA_PROJECTS\TP7_Maven\target\classes started by youssefkarfouh in D:\cigma\JAVA\JAVA_PROJECTS\TP7_Maven)
2023-04-01 23:37:22,242 DEBUG org.springframework.boot.StartupInfoLogger [main] Running with Spring Boot v2.5.1, Spring v5.3.8
2023-04-01 23:37:22,242 INFO org.springframework.boot.SpringApplication [main] The following profiles are active: local
2023-04-01 23:37:23,533 INFO org.springframework.data.repository.config.RepositoryConfigurationDelegate [main] Bootstrapping Spring Data JPA repositories in DEFAULT mode.
2023-04-01 23:37:23,607 INFO org.springframework.data.repository.config.RepositoryConfigurationDelegate [main] Finished Spring Data repository scanning in 61 ms. Found 1 JPA repository interfaces.
2023-04-01 23:37:24,511 INFO org.springframework.boot.web.embedded.tomcat.TomcatWebServer [main] Tomcat initialized with port(s): 8083 (http)
2023-04-01 23:37:24,529 INFO org.apache.juli.logging.DirectJDKLog [main] Initializing ProtocolHandler ["http-nio-8083"]
2023-04-01 23:37:24,530 INFO org.apache.juli.logging.DirectJDKLog [main] Starting service [Tomcat]
2023-04-01 23:37:24,531 INFO org.apache.juli.logging.DirectJDKLog [main] Starting Servlet engine: [Apache Tomcat/9.0.46]
2023-04-01 23:37:24,690 INFO org.apache.juli.logging.DirectJDKLog [main] Initializing Spring embedded WebApplicationContext
2023-04-01 23:37:24,691 INFO org.springframework.boot.web.servlet.context.ServletWebServerApplicationContext [main] Root WebApplicationContext: initialization completed in 2377 ms
2023-04-01 23:37:24,832 INFO com.zaxxer.hikari.HikariDataSource [main] HikariPool-1 - Starting...
2023-04-01 23:37:25,106 INFO com.zaxxer.hikari.HikariDataSource [main] HikariPool-1 - Start completed.
2023-04-01 23:37:25,273 INFO org.hibernate.jpa.internal.util.LogHelper [main] HHH000204: Processing PersistenceUnitInfo [name: default]
2023-04-01 23:37:25,360 INFO org.hibernate.Version [main] HHH000412: Hibernate ORM core version 5.4.32.Final
2023-04-01 23:37:25,580 INFO org.hibernate.annotations.common.reflection.java.JavaReflectionManager [main] HCANN000001: Hibernate Commons Annotations {5.1.2.Final}
2023-04-01 23:37:25,756 INFO org.hibernate.dialect.Dialect [main] HHH000400: Using dialect: org.hibernate.dialect.MySQL57Dialect
2023-04-01 23:37:26,753 INFO org.hibernate.engine.transaction.jta.platform.internal.JtaPlatformInitiator [main] HHH000490: Using JtaPlatform implementation: [org.hibernate.engine.transaction.jta.platform.internal.NoJtaPlatform]
2023-04-01 23:37:26,767 INFO org.springframework.orm.jpa.AbstractEntityManagerFactoryBean [main] Initialized JPA EntityManagerFactory for persistence unit 'default'
2023-04-01 23:37:27,421 WARN org.springframework.boot.autoconfigure.orm.jpa.JpaBaseConfiguration$JpaWebConfiguration [main] spring.jpa.open-in-view is enabled by default. Therefore, database queries may be performed during view rendering. Explicitly configure spring.jpa.open-in-view to disable this warning
2023-04-01 23:37:27,541 DEBUG org.springframework.web.servlet.handler.AbstractHandlerMethodMapping [main] 11 mappings in 'requestMappingHandlerMapping'
2023-04-01 23:37:27,766 DEBUG org.springframework.web.servlet.mvc.method.annotation.RequestMappingHandlerAdapter [main] ControllerAdvice beans: 0 @ModelAttribute, 0 @InitBinder, 1 RequestBodyAdvice, 1 ResponseBodyAdvice
2023-04-01 23:37:27,823 DEBUG org.springframework.web.servlet.handler.SimpleUrlHandlerMapping [main] Patterns [/swagger-ui/] in 'viewControllerHandlerMapping'
2023-04-01 23:37:27,845 DEBUG org.springframework.web.servlet.handler.SimpleUrlHandlerMapping [main] Patterns [/webjars/**, /**, /swagger-ui/**] in 'resourceHandlerMapping'
2023-04-01 23:37:27,856 DEBUG org.springframework.web.servlet.mvc.method.annotation.ExceptionHandlerExceptionResolver [main] ControllerAdvice beans: 0 @ExceptionHandler, 1 ResponseBodyAdvice
2023-04-01 23:37:27,961 INFO org.apache.juli.logging.DirectJDKLog [main] Starting ProtocolHandler ["http-nio-8083"]
2023-04-01 23:37:28,176 INFO org.springframework.boot.web.embedded.tomcat.TomcatWebServer [main] Tomcat started on port(s): 8083 (http) with context path ''
2023-04-01 23:37:28,501 INFO org.springframework.boot.StartupInfoLogger [main] Started PfeApplication in 6.934 seconds (JVM running for 7.672)
2023-04-01 23:37:28,505 INFO ma.pfe.PfeApplication [main] Access URLs:
----------------------------------------------------------
	Local: 		http://127.0.0.1:8083/swagger-ui/#/
	External: 	http://192.168.1.111:8083/swagger-ui/#/
----------------------------------------------------------
2023-04-01 23:37:34,896 INFO org.apache.juli.logging.DirectJDKLog [http-nio-8083-exec-1] Initializing Spring DispatcherServlet 'dispatcherServlet'
2023-04-01 23:37:34,897 INFO org.springframework.web.servlet.FrameworkServlet [http-nio-8083-exec-1] Initializing Servlet 'dispatcherServlet'
2023-04-01 23:37:34,897 DEBUG org.springframework.web.servlet.DispatcherServlet [http-nio-8083-exec-1] Detected StandardServletMultipartResolver
2023-04-01 23:37:34,898 DEBUG org.springframework.web.servlet.DispatcherServlet [http-nio-8083-exec-1] Detected AcceptHeaderLocaleResolver
2023-04-01 23:37:34,898 DEBUG org.springframework.web.servlet.DispatcherServlet [http-nio-8083-exec-1] Detected FixedThemeResolver
2023-04-01 23:37:34,902 DEBUG org.springframework.web.servlet.DispatcherServlet [http-nio-8083-exec-1] Detected org.springframework.web.servlet.view.DefaultRequestToViewNameTranslator@2838eb
2023-04-01 23:37:34,904 DEBUG org.springframework.web.servlet.DispatcherServlet [http-nio-8083-exec-1] Detected org.springframework.web.servlet.support.SessionFlashMapManager@5d297d4d
2023-04-01 23:37:34,904 DEBUG org.springframework.web.servlet.FrameworkServlet [http-nio-8083-exec-1] enableLoggingRequestDetails='false': request parameters and headers will be masked to prevent unsafe logging of potentially sensitive data
2023-04-01 23:37:34,905 INFO org.springframework.web.servlet.FrameworkServlet [http-nio-8083-exec-1] Completed initialization in 8 ms
2023-04-01 23:37:34,940 DEBUG org.springframework.core.log.LogFormatUtils [http-nio-8083-exec-1] GET "/swagger-ui/", parameters={}
2023-04-01 23:37:34,963 DEBUG org.springframework.web.servlet.handler.AbstractHandlerMapping [http-nio-8083-exec-1] Mapped to ParameterizableViewController [view="forward:/swagger-ui/index.html"]
2023-04-01 23:37:34,987 DEBUG org.springframework.web.servlet.view.ContentNegotiatingViewResolver [http-nio-8083-exec-1] Selected 'text/html' given [text/html, application/xhtml+xml, image/avif, image/webp, image/apng, application/xml;q=0.9, application/signed-exchange;v=b3;q=0.7, */*;q=0.8]
2023-04-01 23:37:34,988 DEBUG org.springframework.web.servlet.view.AbstractView [http-nio-8083-exec-1] View name 'forward:', model {}
2023-04-01 23:37:34,992 DEBUG org.springframework.web.servlet.view.InternalResourceView [http-nio-8083-exec-1] Forwarding to [/swagger-ui/index.html]
2023-04-01 23:37:35,005 DEBUG org.springframework.core.log.LogFormatUtils [http-nio-8083-exec-1] "FORWARD" dispatch for GET "/swagger-ui/index.html", parameters={}
2023-04-01 23:37:35,013 DEBUG org.springframework.web.servlet.handler.AbstractHandlerMapping [http-nio-8083-exec-1] Mapped to ResourceHttpRequestHandler [Classpath [META-INF/resources/webjars/springfox-swagger-ui/]]
2023-04-01 23:37:35,028 DEBUG org.springframework.web.servlet.FrameworkServlet [http-nio-8083-exec-1] Exiting from "FORWARD" dispatch, status 304
2023-04-01 23:37:35,032 DEBUG org.springframework.web.servlet.FrameworkServlet [http-nio-8083-exec-1] Completed 304 NOT_MODIFIED
2023-04-01 23:37:35,093 DEBUG org.springframework.core.log.LogFormatUtils [http-nio-8083-exec-2] GET "/swagger-ui/swagger-ui-bundle.js?v=3.0.0", parameters={masked}
2023-04-01 23:37:35,095 DEBUG org.springframework.web.servlet.handler.AbstractHandlerMapping [http-nio-8083-exec-2] Mapped to ResourceHttpRequestHandler [Classpath [META-INF/resources/webjars/springfox-swagger-ui/]]
2023-04-01 23:37:35,096 DEBUG org.springframework.core.log.LogFormatUtils [http-nio-8083-exec-5] GET "/swagger-ui/swagger-ui.css?v=3.0.0", parameters={masked}
2023-04-01 23:37:35,096 DEBUG org.springframework.web.servlet.handler.AbstractHandlerMapping [http-nio-8083-exec-5] Mapped to ResourceHttpRequestHandler [Classpath [META-INF/resources/webjars/springfox-swagger-ui/]]
2023-04-01 23:37:35,098 DEBUG org.springframework.web.servlet.FrameworkServlet [http-nio-8083-exec-2] Completed 304 NOT_MODIFIED
2023-04-01 23:37:35,100 DEBUG org.springframework.web.servlet.FrameworkServlet [http-nio-8083-exec-5] Completed 304 NOT_MODIFIED
2023-04-01 23:37:35,106 DEBUG org.springframework.core.log.LogFormatUtils [http-nio-8083-exec-3] GET "/swagger-ui/swagger-ui-standalone-preset.js?v=3.0.0", parameters={masked}
2023-04-01 23:37:35,107 DEBUG org.springframework.core.log.LogFormatUtils [http-nio-8083-exec-7] GET "/swagger-ui/springfox.css?v=3.0.0", parameters={masked}
2023-04-01 23:37:35,109 DEBUG org.springframework.web.servlet.handler.AbstractHandlerMapping [http-nio-8083-exec-7] Mapped to ResourceHttpRequestHandler [Classpath [META-INF/resources/webjars/springfox-swagger-ui/]]
2023-04-01 23:37:35,110 DEBUG org.springframework.web.servlet.handler.AbstractHandlerMapping [http-nio-8083-exec-3] Mapped to ResourceHttpRequestHandler [Classpath [META-INF/resources/webjars/springfox-swagger-ui/]]
2023-04-01 23:37:35,110 DEBUG org.springframework.core.log.LogFormatUtils [http-nio-8083-exec-4] GET "/swagger-ui/springfox.js?v=3.0.0", parameters={masked}
2023-04-01 23:37:35,112 DEBUG org.springframework.web.servlet.handler.AbstractHandlerMapping [http-nio-8083-exec-4] Mapped to ResourceHttpRequestHandler [Classpath [META-INF/resources/webjars/springfox-swagger-ui/]]
2023-04-01 23:37:35,112 DEBUG org.springframework.web.servlet.FrameworkServlet [http-nio-8083-exec-7] Completed 304 NOT_MODIFIED
2023-04-01 23:37:35,113 DEBUG org.springframework.web.servlet.FrameworkServlet [http-nio-8083-exec-3] Completed 304 NOT_MODIFIED
2023-04-01 23:37:35,116 DEBUG org.springframework.web.servlet.FrameworkServlet [http-nio-8083-exec-4] Completed 304 NOT_MODIFIED
2023-04-01 23:37:35,438 DEBUG org.springframework.core.log.LogFormatUtils [http-nio-8083-exec-6] GET "/swagger-resources/configuration/ui", parameters={}
2023-04-01 23:37:35,440 DEBUG org.springframework.web.servlet.handler.AbstractHandlerMapping [http-nio-8083-exec-6] Mapped to springfox.documentation.swagger.web.ApiResourceController#uiConfiguration()
2023-04-01 23:37:35,641 DEBUG org.springframework.web.servlet.mvc.method.annotation.AbstractMessageConverterMethodProcessor [http-nio-8083-exec-6] Using 'application/json', given [application/json] and supported [application/json]
2023-04-01 23:37:35,713 DEBUG org.springframework.core.log.LogFormatUtils [http-nio-8083-exec-6] Writing [springfox.documentation.swagger.web.UiConfiguration@3b33f93d]
2023-04-01 23:37:35,752 DEBUG org.springframework.web.servlet.FrameworkServlet [http-nio-8083-exec-6] Completed 200 OK
2023-04-01 23:37:35,760 DEBUG org.springframework.core.log.LogFormatUtils [http-nio-8083-exec-8] GET "/swagger-resources/configuration/security", parameters={}
2023-04-01 23:37:35,761 DEBUG org.springframework.web.servlet.handler.AbstractHandlerMapping [http-nio-8083-exec-8] Mapped to springfox.documentation.swagger.web.ApiResourceController#securityConfiguration()
2023-04-01 23:37:35,762 DEBUG org.springframework.web.servlet.mvc.method.annotation.AbstractMessageConverterMethodProcessor [http-nio-8083-exec-8] Using 'application/json', given [application/json] and supported [application/json]
2023-04-01 23:37:35,768 DEBUG org.springframework.core.log.LogFormatUtils [http-nio-8083-exec-8] Writing [springfox.documentation.swagger.web.SecurityConfiguration@5714bdfa]
2023-04-01 23:37:35,770 DEBUG org.springframework.web.servlet.FrameworkServlet [http-nio-8083-exec-8] Completed 200 OK
2023-04-01 23:37:35,776 DEBUG org.springframework.core.log.LogFormatUtils [http-nio-8083-exec-9] GET "/swagger-resources", parameters={}
2023-04-01 23:37:35,776 DEBUG org.springframework.web.servlet.handler.AbstractHandlerMapping [http-nio-8083-exec-9] Mapped to springfox.documentation.swagger.web.ApiResourceController#swaggerResources()
2023-04-01 23:37:35,779 DEBUG org.springframework.web.servlet.mvc.method.annotation.AbstractMessageConverterMethodProcessor [http-nio-8083-exec-9] Using 'application/json', given [application/json] and supported [application/json]
2023-04-01 23:37:35,783 DEBUG org.springframework.core.log.LogFormatUtils [http-nio-8083-exec-9] Writing [[springfox.documentation.swagger.web.SwaggerResource@53b4c4ed]]
2023-04-01 23:37:35,790 DEBUG org.springframework.web.servlet.FrameworkServlet [http-nio-8083-exec-9] Completed 200 OK
2023-04-01 23:37:35,833 DEBUG org.springframework.core.log.LogFormatUtils [http-nio-8083-exec-10] GET "/v3/api-docs", parameters={}
2023-04-01 23:37:35,835 DEBUG org.springframework.web.servlet.handler.AbstractHandlerMapping [http-nio-8083-exec-10] Mapped to springfox.documentation.oas.web.OpenApiControllerWebMvc#getDocumentation(String, HttpServletRequest)
2023-04-01 23:37:36,008 DEBUG org.springframework.core.log.LogFormatUtils [http-nio-8083-exec-1] GET "/swagger-resources/configuration/ui", parameters={}
2023-04-01 23:37:36,009 DEBUG org.springframework.web.servlet.handler.AbstractHandlerMapping [http-nio-8083-exec-1] Mapped to springfox.documentation.swagger.web.ApiResourceController#uiConfiguration()
2023-04-01 23:37:36,010 DEBUG org.springframework.web.servlet.mvc.method.annotation.AbstractMessageConverterMethodProcessor [http-nio-8083-exec-1] Using 'application/json', given [application/json] and supported [application/json]
2023-04-01 23:37:36,013 DEBUG org.springframework.core.log.LogFormatUtils [http-nio-8083-exec-1] Writing [springfox.documentation.swagger.web.UiConfiguration@3b33f93d]
2023-04-01 23:37:36,016 DEBUG org.springframework.web.servlet.FrameworkServlet [http-nio-8083-exec-1] Completed 200 OK
2023-04-01 23:37:36,049 DEBUG org.springframework.core.log.LogFormatUtils [http-nio-8083-exec-2] GET "/swagger-resources/configuration/security", parameters={}
2023-04-01 23:37:36,050 DEBUG org.springframework.web.servlet.handler.AbstractHandlerMapping [http-nio-8083-exec-2] Mapped to springfox.documentation.swagger.web.ApiResourceController#securityConfiguration()
2023-04-01 23:37:36,052 DEBUG org.springframework.web.servlet.mvc.method.annotation.AbstractMessageConverterMethodProcessor [http-nio-8083-exec-2] Using 'application/json', given [application/json] and supported [application/json]
2023-04-01 23:37:36,053 DEBUG org.springframework.core.log.LogFormatUtils [http-nio-8083-exec-2] Writing [springfox.documentation.swagger.web.SecurityConfiguration@5714bdfa]
2023-04-01 23:37:36,056 DEBUG org.springframework.web.servlet.FrameworkServlet [http-nio-8083-exec-2] Completed 200 OK
2023-04-01 23:37:36,063 DEBUG org.springframework.core.log.LogFormatUtils [http-nio-8083-exec-5] GET "/swagger-resources", parameters={}
2023-04-01 23:37:36,065 DEBUG org.springframework.web.servlet.handler.AbstractHandlerMapping [http-nio-8083-exec-5] Mapped to springfox.documentation.swagger.web.ApiResourceController#swaggerResources()
2023-04-01 23:37:36,067 DEBUG org.springframework.web.servlet.mvc.method.annotation.AbstractMessageConverterMethodProcessor [http-nio-8083-exec-5] Using 'application/json', given [application/json] and supported [application/json]
2023-04-01 23:37:36,068 DEBUG org.springframework.core.log.LogFormatUtils [http-nio-8083-exec-5] Writing [[springfox.documentation.swagger.web.SwaggerResource@770d0a42]]
2023-04-01 23:37:36,071 DEBUG org.springframework.web.servlet.FrameworkServlet [http-nio-8083-exec-5] Completed 200 OK
2023-04-01 23:37:36,117 DEBUG org.springframework.web.servlet.mvc.method.annotation.AbstractMessageConverterMethodProcessor [http-nio-8083-exec-10] Using 'application/json', given [application/json, */*] and supported [application/json, application/hal+json]
2023-04-01 23:37:36,124 DEBUG org.springframework.core.log.LogFormatUtils [http-nio-8083-exec-10] Writing [springfox.documentation.spring.web.json.Json@3eb81f18]
2023-04-01 23:37:36,128 DEBUG org.springframework.web.servlet.FrameworkServlet [http-nio-8083-exec-10] Completed 200 OK
2023-04-01 23:37:36,188 DEBUG org.springframework.core.log.LogFormatUtils [http-nio-8083-exec-3] GET "/v3/api-docs", parameters={}
2023-04-01 23:37:36,189 DEBUG org.springframework.web.servlet.handler.AbstractHandlerMapping [http-nio-8083-exec-3] Mapped to springfox.documentation.oas.web.OpenApiControllerWebMvc#getDocumentation(String, HttpServletRequest)
2023-04-01 23:37:36,232 DEBUG org.springframework.web.servlet.mvc.method.annotation.AbstractMessageConverterMethodProcessor [http-nio-8083-exec-3] Using 'application/json', given [application/json, */*] and supported [application/json, application/hal+json]
2023-04-01 23:37:36,233 DEBUG org.springframework.core.log.LogFormatUtils [http-nio-8083-exec-3] Writing [springfox.documentation.spring.web.json.Json@3b1cac41]
2023-04-01 23:37:36,238 DEBUG org.springframework.web.servlet.FrameworkServlet [http-nio-8083-exec-3] Completed 200 OK
2023-04-01 23:38:00,964 DEBUG org.springframework.core.log.LogFormatUtils [http-nio-8083-exec-1] GET "/students/all", parameters={}
2023-04-01 23:38:00,966 DEBUG org.springframework.web.servlet.handler.AbstractHandlerMapping [http-nio-8083-exec-1] Mapped to ma.pfe.controllers.StudentController#selectAll()
2023-04-01 23:38:00,969 DEBUG ma.pfe.controllers.StudentController [http-nio-8083-exec-1] start methode selectAll in controller
2023-04-01 23:38:00,970 DEBUG ma.pfe.services.StudentServiceImpl [http-nio-8083-exec-1] start methode selectAll in service
2023-04-01 23:38:01,587 DEBUG ma.pfe.mappers.StudentMapper [http-nio-8083-exec-1] sdsd[]
2023-04-01 23:38:01,594 DEBUG org.springframework.web.servlet.mvc.method.annotation.AbstractMessageConverterMethodProcessor [http-nio-8083-exec-1] Using 'application/json', given [*/*] and supported [application/json, application/*+json, application/json, application/*+json]
2023-04-01 23:38:01,595 DEBUG org.springframework.core.log.LogFormatUtils [http-nio-8083-exec-1] Writing [[]]
2023-04-01 23:38:01,599 DEBUG org.springframework.web.servlet.FrameworkServlet [http-nio-8083-exec-1] Completed 200 OK
